0 info it worked if it ends with ok
1 verbose cli [ 'node', '/usr/bin/npm', 'install' ]
2 info using npm@1.3.6
3 info using node@v0.10.22
4 error install Couldn't read dependencies
5 error Failed to parse json
5 error Unexpected token ,
6 error File: /home/olltha/Development/git/bokflingan/package.json
7 error Failed to parse package.json data.
7 error package.json must be actual JSON, not just JavaScript.
7 error
7 error This is not a bug in npm.
7 error Tell the package author to fix their package.json file. JSON.parse
8 error System Linux 3.11.9-200.fc19.x86_64
9 error command "node" "/usr/bin/npm" "install"
10 error cwd /home/olltha/Development/git/bokflingan
11 error node -v v0.10.22
12 error npm -v 1.3.6
13 error file /home/olltha/Development/git/bokflingan/package.json
14 error code EJSONPARSE
15 verbose exit [ 1, true ]
